app/build/intermediates/manifest_merge_blame_file/debug/manifest-merger-blame-debug-report.txt
1<?xml version="1.0" encoding="utf-8"?>
2<manifest xmlns:android="http://schemas.android.com/apk/res/android"
3    package="fgprogramming.wiranata.com"
4    android:versionCode="1"
5    android:versionName="1.0" >
6
7    <uses-sdk
8        android:minSdkVersion="21"
8-->src\main\AndroidManifest.xml
9        android:targetSdkVersion="29" />
9-->src\main\AndroidManifest.xml
10
11    <application
11-->src\main\AndroidManifest.xml:5:5-39:19
12        android:allowBackup="true"
12-->src\main\AndroidManifest.xml:6:9-35
13        android:appComponentFactory="androidx.core.app.CoreComponentFactory"
13-->[androidx.core:core:1.0.1] AndroidManifest.xml:22:18-86
14        android:debuggable="true"
15        android:icon="@mipmap/ic_launcher"
15-->src\main\AndroidManifest.xml:7:9-43
16        android:label="@string/app_name"
16-->src\main\AndroidManifest.xml:8:9-41
17        android:roundIcon="@mipmap/ic_launcher_round"
17-->src\main\AndroidManifest.xml:9:9-54
18        android:supportsRtl="true"
18-->src\main\AndroidManifest.xml:10:9-35
19        android:theme="@style/AppTheme" >
19-->src\main\AndroidManifest.xml:11:9-40
20        <activity
20-->src\main\AndroidManifest.xml:12:9-17:54
21            android:name="fgprogramming.wiranata.com.DetailActivity"
21-->src\main\AndroidManifest.xml:12:19-49
22            android:configChanges="orientation|keyboardHidden|screenSize"
22-->src\main\AndroidManifest.xml:13:13-74
23            android:label="@string/app_name"
23-->src\main\AndroidManifest.xml:14:13-45
24            android:screenOrientation="portrait"
24-->src\main\AndroidManifest.xml:15:13-49
25            android:theme="@style/Theme.AppCompat.Translucent.White"
25-->src\main\AndroidManifest.xml:16:13-69
26            android:windowSoftInputMode="adjustPan" />
26-->src\main\AndroidManifest.xml:17:13-52
27        <activity android:name="fgprogramming.wiranata.com.HomeActivity" />
27-->src\main\AndroidManifest.xml:18:9-49
27-->src\main\AndroidManifest.xml:18:19-47
28        <activity
28-->src\main\AndroidManifest.xml:19:9-24:54
29            android:name="fgprogramming.wiranata.com.SplashScreenActivity"
29-->src\main\AndroidManifest.xml:20:13-49
30            android:configChanges="orientation|keyboardHidden|screenSize"
30-->src\main\AndroidManifest.xml:21:13-74
31            android:screenOrientation="portrait"
31-->src\main\AndroidManifest.xml:22:13-49
32            android:theme="@style/Theme.AppCompat.Translucent.Background"
32-->src\main\AndroidManifest.xml:23:13-74
33            android:windowSoftInputMode="adjustPan" />
33-->src\main\AndroidManifest.xml:24:13-52
34        <activity
34-->src\main\AndroidManifest.xml:25:9-38:20
35            android:name="fgprogramming.wiranata.com.MainActivity"
35-->src\main\AndroidManifest.xml:26:13-41
36            android:configChanges="orientation|keyboardHidden|screenSize"
36-->src\main\AndroidManifest.xml:27:13-74
37            android:label="@string/app_name"
37-->src\main\AndroidManifest.xml:28:13-45
38            android:screenOrientation="portrait"
38-->src\main\AndroidManifest.xml:29:13-49
39            android:theme="@style/Theme.AppCompat.Translucent.Background"
39-->src\main\AndroidManifest.xml:30:13-74
40            android:windowSoftInputMode="adjustPan" >
40-->src\main\AndroidManifest.xml:31:13-52
41            <intent-filter>
41-->src\main\AndroidManifest.xml:32:13-37:29
42                <action android:name="android.intent.action.VIEW" />
42-->src\main\AndroidManifest.xml:33:17-69
42-->src\main\AndroidManifest.xml:33:25-66
43                <action android:name="android.intent.action.MAIN" />
43-->src\main\AndroidManifest.xml:34:17-69
43-->src\main\AndroidManifest.xml:34:25-66
44
45                <category android:name="android.intent.category.LAUNCHER" />
45-->src\main\AndroidManifest.xml:36:17-77
45-->src\main\AndroidManifest.xml:36:27-74
46            </intent-filter>
47        </activity>
48    </application>
49
50</manifest>